[0m21:38:05.327810 [debug] [MainThread]: Sending event: {'category': 'dbt', 'action': 'invocation', 'label': 'start', 'context': [<snowplow_tracker.self_describing_json.SelfDescribingJson object at 0x746aa88dd5b0>, <snowplow_tracker.self_describing_json.SelfDescribingJson object at 0x746aa9442ab0>, <snowplow_tracker.self_describing_json.SelfDescribingJson object at 0x746aa88df440>]}


============================== 21:38:05.330961 | a00e168f-8c27-4566-a113-5efb68b56b3f ==============================
[0m21:38:05.330961 [info ] [MainThread]: Running with dbt=1.8.7
[0m21:38:05.331376 [debug] [MainThread]: running dbt with arguments {'printer_width': '80', 'indirect_selection': 'eager', 'write_json': 'True', 'log_cache_events': 'False', 'partial_parse': 'True', 'cache_selected_only': 'False', 'profiles_dir': '/home/luca/.dbt', 'debug': 'False', 'version_check': 'True', 'log_path': 'logs', 'warn_error': 'None', 'fail_fast': 'False', 'use_colors': 'True', 'use_experimental_parser': 'False', 'no_print': 'None', 'quiet': 'False', 'empty': 'None', 'log_format': 'default', 'introspect': 'True', 'static_parser': 'True', 'invocation_command': 'dbt init data-elt', 'target_path': 'None', 'warn_error_options': 'WarnErrorOptions(include=[], exclude=[])', 'send_anonymous_usage_stats': 'True'}
[0m21:38:05.336438 [warn ] [MainThread]: [ConfigFolderDirectory]: Unable to parse dict {'dir': PosixPath('/home/luca/.dbt')}
[0m21:38:05.336710 [info ] [MainThread]: Creating dbt configuration folder at 
[0m21:38:19.919430 [debug] [MainThread]: Starter project path: /home/luca/venv/lib/python3.12/site-packages/dbt/include/starter_project
[0m21:38:19.921719 [info ] [MainThread]: 
Your new dbt project "data_elt" was created!

For more information on how to configure the profiles.yml file,
please consult the dbt documentation here:

  https://docs.getdbt.com/docs/configure-your-profile

One more thing:

Need help? Don't hesitate to reach out to us via GitHub issues or on Slack:

  https://community.getdbt.com/

Happy modeling!

[0m21:38:19.921992 [info ] [MainThread]: Setting up your profile.
[0m21:40:33.646496 [info ] [MainThread]: Profile data_elt written to /home/luca/.dbt/profiles.yml using target's profile_template.yml and your supplied values. Run 'dbt debug' to validate the connection.
[0m21:40:33.648430 [debug] [MainThread]: Resource report: {"command_name": "init", "command_success": true, "command_wall_clock_time": 148.35394, "process_user_time": 0.898399, "process_kernel_time": 0.046826, "process_mem_max_rss": "92972", "process_in_blocks": "136", "process_out_blocks": "88"}
[0m21:40:33.649160 [debug] [MainThread]: Command `dbt init` succeeded at 21:40:33.649019 after 148.35 seconds
[0m21:40:33.649670 [debug] [MainThread]: Sending event: {'category': 'dbt', 'action': 'invocation', 'label': 'end', 'context': [<snowplow_tracker.self_describing_json.SelfDescribingJson object at 0x746aa8c31820>, <snowplow_tracker.self_describing_json.SelfDescribingJson object at 0x746aa89087d0>, <snowplow_tracker.self_describing_json.SelfDescribingJson object at 0x746aa94ecef0>]}
[0m21:40:33.650200 [debug] [MainThread]: Flushing usage events
